<?xml version="1.0" encoding="UTF-8"?>
<testsuite name="org.springframework.cloud.sample.bookstore.servicebroker.repository.ServiceInstanceRepositoryTests" tests="2" skipped="0" failures="0" errors="0" timestamp="2020-08-11T00:24:15" hostname="ip-10-0-0-239" time="0.032">
  <properties/>
  <testcase name="retrieve()" classname="org.springframework.cloud.sample.bookstore.servicebroker.repository.ServiceInstanceRepositoryTests" time="0.027"/>
  <testcase name="save()" classname="org.springframework.cloud.sample.bookstore.servicebroker.repository.ServiceInstanceRepositoryTests" time="0.004"/>
  <system-out><![CDATA[2020-08-11 00:24:15.512  INFO 21259 --- [    Test worker] t.a.d.m.DataMongoTestContextBootstrapper : Neither @ContextConfiguration nor @ContextHierarchy found for test class [org.springframework.cloud.sample.bookstore.servicebroker.repository.ServiceInstanceRepositoryTests], using SpringBootContextLoader
2020-08-11 00:24:15.513  INFO 21259 --- [    Test worker] o.s.t.c.support.AbstractContextLoader    : Could not detect default resource locations for test class [org.springframework.cloud.sample.bookstore.servicebroker.repository.ServiceInstanceRepositoryTests]: no resource found for suffixes {-context.xml, Context.groovy}.
2020-08-11 00:24:15.513  INFO 21259 --- [    Test worker] t.c.s.AnnotationConfigContextLoaderUtils : Could not detect default configuration classes for test class [org.springframework.cloud.sample.bookstore.servicebroker.repository.ServiceInstanceRepositoryTests]: ServiceInstanceRepositoryTests does not declare any static, non-private, non-final, nested classes annotated with @Configuration.
2020-08-11 00:24:15.514  INFO 21259 --- [    Test worker] .b.t.c.SpringBootTestContextBootstrapper : Found @SpringBootConfiguration org.springframework.cloud.sample.bookstore.ServiceBrokerApplication for test class org.springframework.cloud.sample.bookstore.servicebroker.repository.ServiceInstanceRepositoryTests
2020-08-11 00:24:15.515  INFO 21259 --- [    Test worker] t.a.d.m.DataMongoTestContextBootstrapper : Loaded default TestExecutionListener class names from location [META-INF/spring.factories]: [org.springframework.boot.test.autoconfigure.restdocs.RestDocsTestExecutionListener, org.springframework.boot.test.autoconfigure.web.client.MockRestServiceServerResetTestExecutionListener, org.springframework.boot.test.autoconfigure.web.servlet.MockMvcPrintOnlyOnFailureTestExecutionListener, org.springframework.boot.test.autoconfigure.web.servlet.WebDriverTestExecutionListener, org.springframework.boot.test.autoconfigure.webservices.client.MockWebServiceServerTestExecutionListener, org.springframework.boot.test.mock.mockito.MockitoTestExecutionListener, org.springframework.boot.test.mock.mockito.ResetMocksTestExecutionListener, org.springframework.security.test.context.support.WithSecurityContextTestExecutionListener, org.springframework.security.test.context.support.ReactorContextTestExecutionListener, org.springframework.test.context.web.ServletTestExecutionListener, org.springframework.test.context.support.DirtiesContextBeforeModesTestExecutionListener, org.springframework.test.context.support.DependencyInjectionTestExecutionListener, org.springframework.test.context.support.DirtiesContextTestExecutionListener, org.springframework.test.context.transaction.TransactionalTestExecutionListener, org.springframework.test.context.jdbc.SqlScriptsTestExecutionListener, org.springframework.test.context.event.EventPublishingTestExecutionListener]
2020-08-11 00:24:15.515  INFO 21259 --- [    Test worker] t.a.d.m.DataMongoTestContextBootstrapper : Using TestExecutionListeners: [org.springframework.test.context.support.DirtiesContextBeforeModesTestExecutionListener@35ddd066, org.springframework.boot.test.mock.mockito.MockitoTestExecutionListener@421b56c5, org.springframework.boot.test.autoconfigure.SpringBootDependencyInjectionTestExecutionListener@42ea696b, org.springframework.test.context.support.DirtiesContextTestExecutionListener@41464b0d, org.springframework.test.context.transaction.TransactionalTestExecutionListener@1a43fda3, org.springframework.test.context.jdbc.SqlScriptsTestExecutionListener@2762d50, org.springframework.security.test.context.support.WithSecurityContextTestExecutionListener@13c6ad44, org.springframework.test.context.event.EventPublishingTestExecutionListener@60ab8212, org.springframework.security.test.context.support.ReactorContextTestExecutionListener@6500d541, org.springframework.boot.test.autoconfigure.restdocs.RestDocsTestExecutionListener@562f781c, org.springframework.boot.test.autoconfigure.web.client.MockRestServiceServerResetTestExecutionListener@70254310, org.springframework.boot.test.autoconfigure.web.servlet.MockMvcPrintOnlyOnFailureTestExecutionListener@4c22e414, org.springframework.boot.test.autoconfigure.web.servlet.WebDriverTestExecutionListener@2f6b8a0c, org.springframework.boot.test.autoconfigure.webservices.client.MockWebServiceServerTestExecutionListener@229f865, org.springframework.boot.test.mock.mockito.ResetMocksTestExecutionListener@584e16f3]
]]></system-out>
  <system-err><![CDATA[]]></system-err>
</testsuite>
