<?xml version="1.0" encoding="UTF-8"?>
<testsuite name="org.springframework.cloud.sample.bookstore.servicebroker.integration.UserApplicationListenerIntegrationTests" tests="1" skipped="0" failures="0" errors="0" timestamp="2020-08-11T00:24:11" hostname="ip-10-0-0-239" time="0.431">
  <properties/>
  <testcase name="adminUserIsPopulatedOnApplicationEvent()" classname="org.springframework.cloud.sample.bookstore.servicebroker.integration.UserApplicationListenerIntegrationTests" time="0.431"/>
  <system-out><![CDATA[00:24:06.906 [Test worker] DEBUG org.springframework.test.context.BootstrapUtils - Instantiating CacheAwareContextLoaderDelegate from class [org.springframework.test.context.cache.DefaultCacheAwareContextLoaderDelegate]
00:24:06.927 [Test worker] DEBUG org.springframework.test.context.BootstrapUtils - Instantiating BootstrapContext using constructor [public org.springframework.test.context.support.DefaultBootstrapContext(java.lang.Class,org.springframework.test.context.CacheAwareContextLoaderDelegate)]
00:24:06.957 [Test worker] DEBUG org.springframework.test.context.BootstrapUtils - Instantiating TestContextBootstrapper for test class [org.springframework.cloud.sample.bookstore.servicebroker.integration.UserApplicationListenerIntegrationTests] from class [org.springframework.boot.test.context.SpringBootTestContextBootstrapper]
00:24:06.970 [Test worker] INFO org.springframework.boot.test.context.SpringBootTestContextBootstrapper - Neither @ContextConfiguration nor @ContextHierarchy found for test class [org.springframework.cloud.sample.bookstore.servicebroker.integration.UserApplicationListenerIntegrationTests], using SpringBootContextLoader
00:24:06.973 [Test worker] DEBUG org.springframework.test.context.support.AbstractContextLoader - Did not detect default resource location for test class [org.springframework.cloud.sample.bookstore.servicebroker.integration.UserApplicationListenerIntegrationTests]: class path resource [org/springframework/cloud/sample/bookstore/servicebroker/integration/UserApplicationListenerIntegrationTests-context.xml] does not exist
00:24:06.974 [Test worker] DEBUG org.springframework.test.context.support.AbstractContextLoader - Did not detect default resource location for test class [org.springframework.cloud.sample.bookstore.servicebroker.integration.UserApplicationListenerIntegrationTests]: class path resource [org/springframework/cloud/sample/bookstore/servicebroker/integration/UserApplicationListenerIntegrationTestsContext.groovy] does not exist
00:24:06.974 [Test worker] INFO org.springframework.test.context.support.AbstractContextLoader - Could not detect default resource locations for test class [org.springframework.cloud.sample.bookstore.servicebroker.integration.UserApplicationListenerIntegrationTests]: no resource found for suffixes {-context.xml, Context.groovy}.
00:24:06.975 [Test worker] INFO org.springframework.test.context.support.AnnotationConfigContextLoaderUtils - Could not detect default configuration classes for test class [org.springframework.cloud.sample.bookstore.servicebroker.integration.UserApplicationListenerIntegrationTests]: UserApplicationListenerIntegrationTests does not declare any static, non-private, non-final, nested classes annotated with @Configuration.
00:24:07.013 [Test worker] DEBUG org.springframework.test.context.support.ActiveProfilesUtils - Could not find an 'annotation declaring class' for annotation type [org.springframework.test.context.ActiveProfiles] and class [org.springframework.cloud.sample.bookstore.servicebroker.integration.UserApplicationListenerIntegrationTests]
00:24:07.069 [Test worker] DEBUG org.springframework.context.annotation.ClassPathScanningCandidateComponentProvider - Identified candidate component class: file [/home/ubuntu/sample/bookstore-service-broker/build/classes/java/main/org/springframework/cloud/sample/bookstore/ServiceBrokerApplication.class]
00:24:07.069 [Test worker] INFO org.springframework.boot.test.context.SpringBootTestContextBootstrapper - Found @SpringBootConfiguration org.springframework.cloud.sample.bookstore.ServiceBrokerApplication for test class org.springframework.cloud.sample.bookstore.servicebroker.integration.UserApplicationListenerIntegrationTests
00:24:07.169 [Test worker] DEBUG org.springframework.boot.test.context.SpringBootTestContextBootstrapper - @TestExecutionListeners is not present for class [org.springframework.cloud.sample.bookstore.servicebroker.integration.UserApplicationListenerIntegrationTests]: using defaults.
00:24:07.169 [Test worker] INFO org.springframework.boot.test.context.SpringBootTestContextBootstrapper - Loaded default TestExecutionListener class names from location [META-INF/spring.factories]: [org.springframework.boot.test.autoconfigure.restdocs.RestDocsTestExecutionListener, org.springframework.boot.test.autoconfigure.web.client.MockRestServiceServerResetTestExecutionListener, org.springframework.boot.test.autoconfigure.web.servlet.MockMvcPrintOnlyOnFailureTestExecutionListener, org.springframework.boot.test.autoconfigure.web.servlet.WebDriverTestExecutionListener, org.springframework.boot.test.autoconfigure.webservices.client.MockWebServiceServerTestExecutionListener, org.springframework.boot.test.mock.mockito.MockitoTestExecutionListener, org.springframework.boot.test.mock.mockito.ResetMocksTestExecutionListener, org.springframework.security.test.context.support.WithSecurityContextTestExecutionListener, org.springframework.security.test.context.support.ReactorContextTestExecutionListener, org.springframework.test.context.web.ServletTestExecutionListener, org.springframework.test.context.support.DirtiesContextBeforeModesTestExecutionListener, org.springframework.test.context.support.DependencyInjectionTestExecutionListener, org.springframework.test.context.support.DirtiesContextTestExecutionListener, org.springframework.test.context.transaction.TransactionalTestExecutionListener, org.springframework.test.context.jdbc.SqlScriptsTestExecutionListener, org.springframework.test.context.event.EventPublishingTestExecutionListener]
00:24:07.180 [Test worker] DEBUG org.springframework.boot.test.context.SpringBootTestContextBootstrapper - Skipping candidate TestExecutionListener [org.springframework.test.context.web.ServletTestExecutionListener] due to a missing dependency. Specify custom listener classes or make the default listener classes and their required dependencies available. Offending class: [javax/servlet/ServletContext]
00:24:07.187 [Test worker] INFO org.springframework.boot.test.context.SpringBootTestContextBootstrapper - Using TestExecutionListeners: [org.springframework.test.context.support.DirtiesContextBeforeModesTestExecutionListener@d9a4d11, org.springframework.boot.test.mock.mockito.MockitoTestExecutionListener@7b2f34e7, org.springframework.boot.test.autoconfigure.SpringBootDependencyInjectionTestExecutionListener@16e6938a, org.springframework.test.context.support.DirtiesContextTestExecutionListener@48705d6a, org.springframework.test.context.transaction.TransactionalTestExecutionListener@175d73b0, org.springframework.test.context.jdbc.SqlScriptsTestExecutionListener@15d7f5b0, org.springframework.security.test.context.support.WithSecurityContextTestExecutionListener@370f4e43, org.springframework.test.context.event.EventPublishingTestExecutionListener@7ddecec5, org.springframework.security.test.context.support.ReactorContextTestExecutionListener@1e2e23d, org.springframework.boot.test.autoconfigure.restdocs.RestDocsTestExecutionListener@2b32edc4, org.springframework.boot.test.autoconfigure.web.client.MockRestServiceServerResetTestExecutionListener@6682d3b7, org.springframework.boot.test.autoconfigure.web.servlet.MockMvcPrintOnlyOnFailureTestExecutionListener@6d219144, org.springframework.boot.test.autoconfigure.web.servlet.WebDriverTestExecutionListener@7bc465d7, org.springframework.boot.test.autoconfigure.webservices.client.MockWebServiceServerTestExecutionListener@47a4fba6, org.springframework.boot.test.mock.mockito.ResetMocksTestExecutionListener@37cb878e]
00:24:07.191 [Test worker] DEBUG org.springframework.test.context.support.AbstractDirtiesContextTestExecutionListener - Before test class: context [DefaultTestContext@161148d5 testClass = UserApplicationListenerIntegrationTests, testInstance = [null], testMethod = [null], testException = [null], mergedContextConfiguration = [ReactiveWebMergedContextConfiguration@2df7a87c testClass = UserApplicationListenerIntegrationTests, locations = '{}', classes = '{class org.springframework.cloud.sample.bookstore.ServiceBrokerApplication}', contextInitializerClasses = '[]', activeProfiles = '{}', propertySourceLocations = '{}', propertySourceProperties = '{org.springframework.boot.test.context.SpringBootTestContextBootstrapper=true}', contextCustomizers = set[org.springframework.boot.test.autoconfigure.properties.PropertyMappingContextCustomizer@0, org.springframework.boot.test.autoconfigure.web.servlet.WebDriverContextCustomizerFactory$Customizer@67dfc61a, org.springframework.boot.test.context.filter.ExcludeFilterContextCustomizer@3d589b8, org.springframework.boot.test.json.DuplicateJsonObjectContextCustomizerFactory$DuplicateJsonObjectContextCustomizer@42f5fb6b, org.springframework.boot.test.mock.mockito.MockitoContextCustomizer@0, org.springframework.boot.test.web.client.TestRestTemplateContextCustomizer@4d8c304, org.springframework.boot.test.web.reactive.server.WebTestClientContextCustomizer@34889d9a, org.springframework.boot.test.context.SpringBootTestArgs@1], contextLoader = 'org.springframework.boot.test.context.SpringBootContextLoader', parent = [null]], attributes = map[[empty]]], class annotated with @DirtiesContext [false] with mode [null].
00:24:07.202 [Test worker] DEBUG org.springframework.test.context.support.DependencyInjectionTestExecutionListener - Performing dependency injection for test context [[DefaultTestContext@161148d5 testClass = UserApplicationListenerIntegrationTests, testInstance = org.springframework.cloud.sample.bookstore.servicebroker.integration.UserApplicationListenerIntegrationTests@514039e, testMethod = [null], testException = [null], mergedContextConfiguration = [ReactiveWebMergedContextConfiguration@2df7a87c testClass = UserApplicationListenerIntegrationTests, locations = '{}', classes = '{class org.springframework.cloud.sample.bookstore.ServiceBrokerApplication}', contextInitializerClasses = '[]', activeProfiles = '{}', propertySourceLocations = '{}', propertySourceProperties = '{org.springframework.boot.test.context.SpringBootTestContextBootstrapper=true}', contextCustomizers = set[org.springframework.boot.test.autoconfigure.properties.PropertyMappingContextCustomizer@0, org.springframework.boot.test.autoconfigure.web.servlet.WebDriverContextCustomizerFactory$Customizer@67dfc61a, org.springframework.boot.test.context.filter.ExcludeFilterContextCustomizer@3d589b8, org.springframework.boot.test.json.DuplicateJsonObjectContextCustomizerFactory$DuplicateJsonObjectContextCustomizer@42f5fb6b, org.springframework.boot.test.mock.mockito.MockitoContextCustomizer@0, org.springframework.boot.test.web.client.TestRestTemplateContextCustomizer@4d8c304, org.springframework.boot.test.web.reactive.server.WebTestClientContextCustomizer@34889d9a, org.springframework.boot.test.context.SpringBootTestArgs@1], contextLoader = 'org.springframework.boot.test.context.SpringBootContextLoader', parent = [null]], attributes = map[[empty]]]].
00:24:07.223 [Test worker] DEBUG org.springframework.test.context.support.TestPropertySourceUtils - Adding inlined properties to environment: {spring.jmx.enabled=false, org.springframework.boot.test.context.SpringBootTestContextBootstrapper=true}

  .   ____          _            __ _ _
 /\\ / ___'_ __ _ _(_)_ __  __ _ \ \ \ \
( ( )\___ | '_ | '_| | '_ \/ _` | \ \ \ \
 \\/  ___)| |_)| | | | | || (_| |  ) ) ) )
  '  |____| .__|_| |_|_| |_\__, | / / / /
 =========|_|==============|___/=/_/_/_/
 :: Spring Boot ::        (v2.3.1.RELEASE)

2020-08-11 00:24:07.554  INFO 21259 --- [    Test worker] .UserApplicationListenerIntegrationTests : Starting UserApplicationListenerIntegrationTests on ip-10-0-0-239 with PID 21259 (started by ubuntu in /home/ubuntu/sample/bookstore-service-broker)
2020-08-11 00:24:07.556  INFO 21259 --- [    Test worker] .UserApplicationListenerIntegrationTests : The following profiles are active: cloud
2020-08-11 00:24:08.220  INFO 21259 --- [    Test worker] .s.d.r.c.RepositoryConfigurationDelegate : Bootstrapping Spring Data Reactive MongoDB repositories in DEFAULT mode.
2020-08-11 00:24:08.389  INFO 21259 --- [    Test worker] .s.d.r.c.RepositoryConfigurationDelegate : Finished Spring Data repository scanning in 164ms. Found 4 Reactive MongoDB repository interfaces.
2020-08-11 00:24:08.996  INFO 21259 --- [    Test worker] trationDelegate$BeanPostProcessorChecker : Bean 'org.springframework.security.config.annotation.method.configuration.ReactiveMethodSecurityConfiguration' of type [org.springframework.security.config.annotation.method.configuration.ReactiveMethodSecurityConfiguration] is not eligible for getting processed by all BeanPostProcessors (for example: not eligible for auto-proxying)
2020-08-11 00:24:09.309  INFO 21259 --- [     Thread-311] o.s.b.a.mongo.embedded.EmbeddedMongo     : note: noprealloc may hurt performance in many applications
2020-08-11 00:24:09.311  INFO 21259 --- [     Thread-311] o.s.b.a.mongo.embedded.EmbeddedMongo     : 2020-08-11T00:24:09.311+0000 I CONTROL  [initandlisten] MongoDB starting : pid=21596 port=41541 dbpath=/tmp/embedmongo-db-8bfe3c8a-eb7b-4b3f-9bb0-ba0983326b12 64-bit host=ip-10-0-0-239
2020-08-11 00:24:09.312  INFO 21259 --- [     Thread-311] o.s.b.a.mongo.embedded.EmbeddedMongo     : 2020-08-11T00:24:09.311+0000 I CONTROL  [initandlisten] db version v3.5.5
2020-08-11 00:24:09.312  INFO 21259 --- [     Thread-311] o.s.b.a.mongo.embedded.EmbeddedMongo     : 2020-08-11T00:24:09.311+0000 I CONTROL  [initandlisten] git version: 98515c812b6fa893613f063dae568ff8319cbfbd
2020-08-11 00:24:09.312  INFO 21259 --- [     Thread-311] o.s.b.a.mongo.embedded.EmbeddedMongo     : 2020-08-11T00:24:09.311+0000 I CONTROL  [initandlisten] allocator: tcmalloc
2020-08-11 00:24:09.312  INFO 21259 --- [     Thread-311] o.s.b.a.mongo.embedded.EmbeddedMongo     : 2020-08-11T00:24:09.311+0000 I CONTROL  [initandlisten] modules: none
2020-08-11 00:24:09.312  INFO 21259 --- [     Thread-311] o.s.b.a.mongo.embedded.EmbeddedMongo     : 2020-08-11T00:24:09.311+0000 I CONTROL  [initandlisten] build environment:
2020-08-11 00:24:09.312  INFO 21259 --- [     Thread-311] o.s.b.a.mongo.embedded.EmbeddedMongo     : 2020-08-11T00:24:09.311+0000 I CONTROL  [initandlisten]     distarch: x86_64
2020-08-11 00:24:09.312  INFO 21259 --- [     Thread-311] o.s.b.a.mongo.embedded.EmbeddedMongo     : 2020-08-11T00:24:09.311+0000 I CONTROL  [initandlisten]     target_arch: x86_64
2020-08-11 00:24:09.313  INFO 21259 --- [     Thread-311] o.s.b.a.mongo.embedded.EmbeddedMongo     : 2020-08-11T00:24:09.311+0000 I CONTROL  [initandlisten] options: { net: { bindIp: "127.0.0.1", http: { enabled: false }, port: 41541 }, security: { authorization: "disabled" }, storage: { dbPath: "/tmp/embedmongo-db-8bfe3c8a-eb7b-4b3f-9bb0-ba0983326b12", journal: { enabled: false }, mmapv1: { preallocDataFiles: false, smallFiles: true }, syncPeriodSecs: 0.0 } }
2020-08-11 00:24:09.315  INFO 21259 --- [     Thread-311] o.s.b.a.mongo.embedded.EmbeddedMongo     : 2020-08-11T00:24:09.315+0000 I STORAGE  [initandlisten] 
2020-08-11 00:24:09.315  INFO 21259 --- [     Thread-311] o.s.b.a.mongo.embedded.EmbeddedMongo     : 2020-08-11T00:24:09.315+0000 I STORAGE  [initandlisten] ** WARNING: Using the XFS filesystem is strongly recommended with the WiredTiger storage engine
2020-08-11 00:24:09.315  INFO 21259 --- [     Thread-311] o.s.b.a.mongo.embedded.EmbeddedMongo     : 2020-08-11T00:24:09.315+0000 I STORAGE  [initandlisten] **          See http://dochub.mongodb.org/core/prodnotes-filesystem
2020-08-11 00:24:09.316  INFO 21259 --- [     Thread-311] o.s.b.a.mongo.embedded.EmbeddedMongo     : 2020-08-11T00:24:09.315+0000 I STORAGE  [initandlisten] wiredtiger_open config: create,cache_size=7493M,session_max=20000,eviction=(threads_min=4,threads_max=4),config_base=false,statistics=(fast),log=(enabled=true,archive=true,path=journal,compressor=snappy),file_manager=(close_idle_time=100000),checkpoint=(wait=0,log_size=2GB),statistics_log=(wait=0),verbose=(recovery_progress),,log=(enabled=false),
2020-08-11 00:24:09.371  INFO 21259 --- [     Thread-311] o.s.b.a.mongo.embedded.EmbeddedMongo     : 2020-08-11T00:24:09.371+0000 W STORAGE  [initandlisten] Detected configuration for non-active storage engine mmapv1 when current storage engine is wiredTiger
2020-08-11 00:24:09.372  INFO 21259 --- [     Thread-311] o.s.b.a.mongo.embedded.EmbeddedMongo     : 2020-08-11T00:24:09.371+0000 I CONTROL  [initandlisten] 
2020-08-11 00:24:09.372  INFO 21259 --- [     Thread-311] o.s.b.a.mongo.embedded.EmbeddedMongo     : 2020-08-11T00:24:09.371+0000 I CONTROL  [initandlisten] ** NOTE: This is a development version (3.5.5) of MongoDB.
2020-08-11 00:24:09.372  INFO 21259 --- [     Thread-311] o.s.b.a.mongo.embedded.EmbeddedMongo     : 2020-08-11T00:24:09.371+0000 I CONTROL  [initandlisten] **       Not recommended for production.
2020-08-11 00:24:09.372  INFO 21259 --- [     Thread-311] o.s.b.a.mongo.embedded.EmbeddedMongo     : 2020-08-11T00:24:09.371+0000 I CONTROL  [initandlisten] 
2020-08-11 00:24:09.372  INFO 21259 --- [     Thread-311] o.s.b.a.mongo.embedded.EmbeddedMongo     : 2020-08-11T00:24:09.371+0000 I CONTROL  [initandlisten] 
2020-08-11 00:24:09.372  INFO 21259 --- [     Thread-311] o.s.b.a.mongo.embedded.EmbeddedMongo     : 2020-08-11T00:24:09.371+0000 I CONTROL  [initandlisten] ** WARNING: soft rlimits too low. rlimits set to 63871 processes, 1048576 files. Number of processes should be at least 524288 : 0.5 times number of files.
2020-08-11 00:24:09.388  INFO 21259 --- [     Thread-311] o.s.b.a.mongo.embedded.EmbeddedMongo     : 2020-08-11T00:24:09.388+0000 I FTDC     [initandlisten] Initializing full-time diagnostic data capture with directory '/tmp/embedmongo-db-8bfe3c8a-eb7b-4b3f-9bb0-ba0983326b12/diagnostic.data'
2020-08-11 00:24:09.415  INFO 21259 --- [     Thread-311] o.s.b.a.mongo.embedded.EmbeddedMongo     : 2020-08-11T00:24:09.415+0000 I INDEX    [initandlisten] build index on: admin.system.version properties: { v: 2, key: { version: 1 }, name: "incompatible_with_version_32", ns: "admin.system.version" }
2020-08-11 00:24:09.416  INFO 21259 --- [     Thread-311] o.s.b.a.mongo.embedded.EmbeddedMongo     : 2020-08-11T00:24:09.415+0000 I INDEX    [initandlisten] 	 building index using bulk method; build may temporarily use up to 500 megabytes of RAM
2020-08-11 00:24:09.416  INFO 21259 --- [     Thread-311] o.s.b.a.mongo.embedded.EmbeddedMongo     : 2020-08-11T00:24:09.416+0000 I INDEX    [initandlisten] build index done.  scanned 0 total records. 0 secs
2020-08-11 00:24:09.416  INFO 21259 --- [     Thread-311] o.s.b.a.mongo.embedded.EmbeddedMongo     : 2020-08-11T00:24:09.416+0000 I COMMAND  [initandlisten] setting featureCompatibilityVersion to 3.4
2020-08-11 00:24:09.416  INFO 21259 --- [     Thread-311] o.s.b.a.mongo.embedded.EmbeddedMongo     : 2020-08-11T00:24:09.416+0000 I NETWORK  [thread1] waiting for connections on port 41541
2020-08-11 00:24:09.417  INFO 21259 --- [    Test worker] d.f.embed.mongo.MongodExecutable         : start de.flapdoodle.embed.mongo.config.MongodConfigBuilder$ImmutableMongodConfig@114cece9
2020-08-11 00:24:09.584  INFO 21259 --- [    Test worker] org.mongodb.driver.cluster               : Cluster created with settings {hosts=[localhost:41541], mode=SINGLE, requiredClusterType=UNKNOWN, serverSelectionTimeout='30000 ms'}
2020-08-11 00:24:09.673  INFO 21259 --- [     Thread-311] o.s.b.a.mongo.embedded.EmbeddedMongo     : 2020-08-11T00:24:09.673+0000 I NETWORK  [thread1] connection accepted from 127.0.0.1:42472 #1 (1 connection now open)
2020-08-11 00:24:09.712  INFO 21259 --- [     Thread-311] o.s.b.a.mongo.embedded.EmbeddedMongo     : 2020-08-11T00:24:09.712+0000 I NETWORK  [conn1] received client metadata from 127.0.0.1:42472 conn1: { driver: { name: "mongo-java-driver|reactive-streams|spring-boot", version: "4.0.4" }, os: { type: "Linux", name: "Linux", architecture: "amd64", version: "5.3.0-1023-aws" }, platform: "Java/Private Build/1.8.0_265-8u265-b01-0ubuntu2~18.04-b01" }
2020-08-11 00:24:09.735  INFO 21259 --- [localhost:41541] org.mongodb.driver.connection            : Opened connection [connectionId{localValue:1, serverValue:1}] to localhost:41541
2020-08-11 00:24:09.739  INFO 21259 --- [localhost:41541] org.mongodb.driver.cluster               : Monitor thread successfully connected to server with description ServerDescription{address=localhost:41541, type=STANDALONE, state=CONNECTED, ok=true, minWireVersion=0, maxWireVersion=5, maxDocumentSize=16777216, logicalSessionTimeoutMinutes=null, roundTripTimeNanos=2440733}
2020-08-11 00:24:10.970  INFO 21259 --- [    Test worker] o.s.b.a.e.web.EndpointLinksResolver      : Exposing 13 endpoint(s) beneath base path '/actuator'
2020-08-11 00:24:11.326  INFO 21259 --- [    Test worker] .UserApplicationListenerIntegrationTests : Started UserApplicationListenerIntegrationTests in 4.098 seconds (JVM running for 5.32)
2020-08-11 00:24:11.412  INFO 21259 --- [     Thread-311] o.s.b.a.mongo.embedded.EmbeddedMongo     : 2020-08-11T00:24:11.412+0000 I NETWORK  [thread1] connection accepted from 127.0.0.1:42474 #2 (2 connections now open)
2020-08-11 00:24:11.429  INFO 21259 --- [     Thread-311] o.s.b.a.mongo.embedded.EmbeddedMongo     : 2020-08-11T00:24:11.429+0000 I NETWORK  [conn2] received client metadata from 127.0.0.1:42474 conn2: { driver: { name: "mongo-java-driver|reactive-streams|spring-boot", version: "4.0.4" }, os: { type: "Linux", name: "Linux", architecture: "amd64", version: "5.3.0-1023-aws" }, platform: "Java/Private Build/1.8.0_265-8u265-b01-0ubuntu2~18.04-b01" }
2020-08-11 00:24:11.433  INFO 21259 --- [ntLoopGroup-2-2] org.mongodb.driver.connection            : Opened connection [connectionId{localValue:2, serverValue:2}] to localhost:41541
]]></system-out>
  <system-err><![CDATA[]]></system-err>
</testsuite>
