<?xml version="1.0" encoding="UTF-8"?>
<testsuite name="org.springframework.cloud.sample.bookstore.web.integration.BookStoreIntegrationTests" tests="4" skipped="0" failures="0" errors="0" timestamp="2020-08-11T00:24:14" hostname="ip-10-0-0-239" time="0.312">
  <properties/>
  <testcase name="bookIsDeleted()" classname="org.springframework.cloud.sample.bookstore.web.integration.BookStoreIntegrationTests" time="0.164"/>
  <testcase name="bookStoreIsRetrieved()" classname="org.springframework.cloud.sample.bookstore.web.integration.BookStoreIntegrationTests" time="0.052"/>
  <testcase name="bookIsRetrieved()" classname="org.springframework.cloud.sample.bookstore.web.integration.BookStoreIntegrationTests" time="0.045"/>
  <testcase name="bookIsAdded()" classname="org.springframework.cloud.sample.bookstore.web.integration.BookStoreIntegrationTests" time="0.048"/>
  <system-out><![CDATA[2020-08-11 00:24:14.246  INFO 21259 --- [    Test worker] t.a.d.m.DataMongoTestContextBootstrapper : Neither @ContextConfiguration nor @ContextHierarchy found for test class [org.springframework.cloud.sample.bookstore.web.integration.BookStoreIntegrationTests], using SpringBootContextLoader
2020-08-11 00:24:14.247  INFO 21259 --- [    Test worker] o.s.t.c.support.AbstractContextLoader    : Could not detect default resource locations for test class [org.springframework.cloud.sample.bookstore.web.integration.BookStoreIntegrationTests]: no resource found for suffixes {-context.xml, Context.groovy}.
2020-08-11 00:24:14.247  INFO 21259 --- [    Test worker] t.c.s.AnnotationConfigContextLoaderUtils : Could not detect default configuration classes for test class [org.springframework.cloud.sample.bookstore.web.integration.BookStoreIntegrationTests]: BookStoreIntegrationTests does not declare any static, non-private, non-final, nested classes annotated with @Configuration.
2020-08-11 00:24:14.251  INFO 21259 --- [    Test worker] .b.t.c.SpringBootTestContextBootstrapper : Found @SpringBootConfiguration org.springframework.cloud.sample.bookstore.ServiceBrokerApplication for test class org.springframework.cloud.sample.bookstore.web.integration.BookStoreIntegrationTests
2020-08-11 00:24:14.251  INFO 21259 --- [    Test worker] t.a.d.m.DataMongoTestContextBootstrapper : Loaded default TestExecutionListener class names from location [META-INF/spring.factories]: [org.springframework.boot.test.autoconfigure.restdocs.RestDocsTestExecutionListener, org.springframework.boot.test.autoconfigure.web.client.MockRestServiceServerResetTestExecutionListener, org.springframework.boot.test.autoconfigure.web.servlet.MockMvcPrintOnlyOnFailureTestExecutionListener, org.springframework.boot.test.autoconfigure.web.servlet.WebDriverTestExecutionListener, org.springframework.boot.test.autoconfigure.webservices.client.MockWebServiceServerTestExecutionListener, org.springframework.boot.test.mock.mockito.MockitoTestExecutionListener, org.springframework.boot.test.mock.mockito.ResetMocksTestExecutionListener, org.springframework.security.test.context.support.WithSecurityContextTestExecutionListener, org.springframework.security.test.context.support.ReactorContextTestExecutionListener, org.springframework.test.context.web.ServletTestExecutionListener, org.springframework.test.context.support.DirtiesContextBeforeModesTestExecutionListener, org.springframework.test.context.support.DependencyInjectionTestExecutionListener, org.springframework.test.context.support.DirtiesContextTestExecutionListener, org.springframework.test.context.transaction.TransactionalTestExecutionListener, org.springframework.test.context.jdbc.SqlScriptsTestExecutionListener, org.springframework.test.context.event.EventPublishingTestExecutionListener]
2020-08-11 00:24:14.252  INFO 21259 --- [    Test worker] t.a.d.m.DataMongoTestContextBootstrapper : Using TestExecutionListeners: [org.springframework.test.context.support.DirtiesContextBeforeModesTestExecutionListener@2b870dc1, org.springframework.boot.test.mock.mockito.MockitoTestExecutionListener@6a630e99, org.springframework.boot.test.autoconfigure.SpringBootDependencyInjectionTestExecutionListener@19d98d58, org.springframework.test.context.support.DirtiesContextTestExecutionListener@696d0401, org.springframework.test.context.transaction.TransactionalTestExecutionListener@7a97e5e8, org.springframework.test.context.jdbc.SqlScriptsTestExecutionListener@8f23be5, org.springframework.security.test.context.support.WithSecurityContextTestExecutionListener@5d94c4ee, org.springframework.test.context.event.EventPublishingTestExecutionListener@5cd89e51, org.springframework.security.test.context.support.ReactorContextTestExecutionListener@19a59887, org.springframework.boot.test.autoconfigure.restdocs.RestDocsTestExecutionListener@11a545, org.springframework.boot.test.autoconfigure.web.client.MockRestServiceServerResetTestExecutionListener@7bd9b21d, org.springframework.boot.test.autoconfigure.web.servlet.MockMvcPrintOnlyOnFailureTestExecutionListener@63eb9121, org.springframework.boot.test.autoconfigure.web.servlet.WebDriverTestExecutionListener@56bf4c7b, org.springframework.boot.test.autoconfigure.webservices.client.MockWebServiceServerTestExecutionListener@5b89e064, org.springframework.boot.test.mock.mockito.ResetMocksTestExecutionListener@6df6e852]

  .   ____          _            __ _ _
 /\\ / ___'_ __ _ _(_)_ __  __ _ \ \ \ \
( ( )\___ | '_ | '_| | '_ \/ _` | \ \ \ \
 \\/  ___)| |_)| | | | | || (_| |  ) ) ) )
  '  |____| .__|_| |_|_| |_\__, | / / / /
 =========|_|==============|___/=/_/_/_/
 :: Spring Boot ::        (v2.3.1.RELEASE)

2020-08-11 00:24:14.289  INFO 21259 --- [    Test worker] o.s.c.s.b.w.i.BookStoreIntegrationTests  : Starting BookStoreIntegrationTests on ip-10-0-0-239 with PID 21259 (started by ubuntu in /home/ubuntu/sample/bookstore-service-broker)
2020-08-11 00:24:14.289  INFO 21259 --- [    Test worker] o.s.c.s.b.w.i.BookStoreIntegrationTests  : The following profiles are active: cloud
2020-08-11 00:24:14.357  INFO 21259 --- [    Test worker] .s.d.r.c.RepositoryConfigurationDelegate : Bootstrapping Spring Data Reactive MongoDB repositories in DEFAULT mode.
2020-08-11 00:24:14.366  INFO 21259 --- [    Test worker] .s.d.r.c.RepositoryConfigurationDelegate : Finished Spring Data repository scanning in 9ms. Found 4 Reactive MongoDB repository interfaces.
2020-08-11 00:24:14.460  INFO 21259 --- [    Thread-1002] o.s.b.a.mongo.embedded.EmbeddedMongo     : note: noprealloc may hurt performance in many applications
2020-08-11 00:24:14.462  INFO 21259 --- [    Thread-1002] o.s.b.a.mongo.embedded.EmbeddedMongo     : 2020-08-11T00:24:14.462+0000 I CONTROL  [initandlisten] MongoDB starting : pid=22342 port=46491 dbpath=/tmp/embedmongo-db-c3a37754-0042-4ee7-9450-b213efcebd40 64-bit host=ip-10-0-0-239
2020-08-11 00:24:14.463  INFO 21259 --- [    Thread-1002] o.s.b.a.mongo.embedded.EmbeddedMongo     : 2020-08-11T00:24:14.462+0000 I CONTROL  [initandlisten] db version v3.5.5
2020-08-11 00:24:14.463  INFO 21259 --- [    Thread-1002] o.s.b.a.mongo.embedded.EmbeddedMongo     : 2020-08-11T00:24:14.462+0000 I CONTROL  [initandlisten] git version: 98515c812b6fa893613f063dae568ff8319cbfbd
2020-08-11 00:24:14.464  INFO 21259 --- [    Thread-1002] o.s.b.a.mongo.embedded.EmbeddedMongo     : 2020-08-11T00:24:14.462+0000 I CONTROL  [initandlisten] allocator: tcmalloc
2020-08-11 00:24:14.465  INFO 21259 --- [    Thread-1002] o.s.b.a.mongo.embedded.EmbeddedMongo     : 2020-08-11T00:24:14.462+0000 I CONTROL  [initandlisten] modules: none
2020-08-11 00:24:14.465  INFO 21259 --- [    Thread-1002] o.s.b.a.mongo.embedded.EmbeddedMongo     : 2020-08-11T00:24:14.462+0000 I CONTROL  [initandlisten] build environment:
2020-08-11 00:24:14.465  INFO 21259 --- [    Thread-1002] o.s.b.a.mongo.embedded.EmbeddedMongo     : 2020-08-11T00:24:14.462+0000 I CONTROL  [initandlisten]     distarch: x86_64
2020-08-11 00:24:14.466  INFO 21259 --- [    Thread-1002] o.s.b.a.mongo.embedded.EmbeddedMongo     : 2020-08-11T00:24:14.462+0000 I CONTROL  [initandlisten]     target_arch: x86_64
2020-08-11 00:24:14.466  INFO 21259 --- [    Thread-1002] o.s.b.a.mongo.embedded.EmbeddedMongo     : 2020-08-11T00:24:14.462+0000 I CONTROL  [initandlisten] options: { net: { bindIp: "127.0.0.1", http: { enabled: false }, port: 46491 }, security: { authorization: "disabled" }, storage: { dbPath: "/tmp/embedmongo-db-c3a37754-0042-4ee7-9450-b213efcebd40", journal: { enabled: false }, mmapv1: { preallocDataFiles: false, smallFiles: true }, syncPeriodSecs: 0.0 } }
2020-08-11 00:24:14.466  INFO 21259 --- [    Thread-1002] o.s.b.a.mongo.embedded.EmbeddedMongo     : 2020-08-11T00:24:14.466+0000 I STORAGE  [initandlisten] 
2020-08-11 00:24:14.466  INFO 21259 --- [    Thread-1002] o.s.b.a.mongo.embedded.EmbeddedMongo     : 2020-08-11T00:24:14.466+0000 I STORAGE  [initandlisten] ** WARNING: Using the XFS filesystem is strongly recommended with the WiredTiger storage engine
2020-08-11 00:24:14.467  INFO 21259 --- [    Thread-1002] o.s.b.a.mongo.embedded.EmbeddedMongo     : 2020-08-11T00:24:14.466+0000 I STORAGE  [initandlisten] **          See http://dochub.mongodb.org/core/prodnotes-filesystem
2020-08-11 00:24:14.467  INFO 21259 --- [    Thread-1002] o.s.b.a.mongo.embedded.EmbeddedMongo     : 2020-08-11T00:24:14.466+0000 I STORAGE  [initandlisten] wiredtiger_open config: create,cache_size=7493M,session_max=20000,eviction=(threads_min=4,threads_max=4),config_base=false,statistics=(fast),log=(enabled=true,archive=true,path=journal,compressor=snappy),file_manager=(close_idle_time=100000),checkpoint=(wait=0,log_size=2GB),statistics_log=(wait=0),verbose=(recovery_progress),,log=(enabled=false),
2020-08-11 00:24:14.519  INFO 21259 --- [    Thread-1002] o.s.b.a.mongo.embedded.EmbeddedMongo     : 2020-08-11T00:24:14.519+0000 W STORAGE  [initandlisten] Detected configuration for non-active storage engine mmapv1 when current storage engine is wiredTiger
2020-08-11 00:24:14.519  INFO 21259 --- [    Thread-1002] o.s.b.a.mongo.embedded.EmbeddedMongo     : 2020-08-11T00:24:14.519+0000 I CONTROL  [initandlisten] 
2020-08-11 00:24:14.519  INFO 21259 --- [    Thread-1002] o.s.b.a.mongo.embedded.EmbeddedMongo     : 2020-08-11T00:24:14.519+0000 I CONTROL  [initandlisten] ** NOTE: This is a development version (3.5.5) of MongoDB.
2020-08-11 00:24:14.520  INFO 21259 --- [    Thread-1002] o.s.b.a.mongo.embedded.EmbeddedMongo     : 2020-08-11T00:24:14.519+0000 I CONTROL  [initandlisten] **       Not recommended for production.
2020-08-11 00:24:14.520  INFO 21259 --- [    Thread-1002] o.s.b.a.mongo.embedded.EmbeddedMongo     : 2020-08-11T00:24:14.519+0000 I CONTROL  [initandlisten] 
2020-08-11 00:24:14.520  INFO 21259 --- [    Thread-1002] o.s.b.a.mongo.embedded.EmbeddedMongo     : 2020-08-11T00:24:14.519+0000 I CONTROL  [initandlisten] 
2020-08-11 00:24:14.520  INFO 21259 --- [    Thread-1002] o.s.b.a.mongo.embedded.EmbeddedMongo     : 2020-08-11T00:24:14.519+0000 I CONTROL  [initandlisten] ** WARNING: soft rlimits too low. rlimits set to 63871 processes, 1048576 files. Number of processes should be at least 524288 : 0.5 times number of files.
2020-08-11 00:24:14.536  INFO 21259 --- [    Thread-1002] o.s.b.a.mongo.embedded.EmbeddedMongo     : 2020-08-11T00:24:14.535+0000 I FTDC     [initandlisten] Initializing full-time diagnostic data capture with directory '/tmp/embedmongo-db-c3a37754-0042-4ee7-9450-b213efcebd40/diagnostic.data'
2020-08-11 00:24:14.560  INFO 21259 --- [    Thread-1002] o.s.b.a.mongo.embedded.EmbeddedMongo     : 2020-08-11T00:24:14.560+0000 I INDEX    [initandlisten] build index on: admin.system.version properties: { v: 2, key: { version: 1 }, name: "incompatible_with_version_32", ns: "admin.system.version" }
2020-08-11 00:24:14.560  INFO 21259 --- [    Thread-1002] o.s.b.a.mongo.embedded.EmbeddedMongo     : 2020-08-11T00:24:14.560+0000 I INDEX    [initandlisten] 	 building index using bulk method; build may temporarily use up to 500 megabytes of RAM
2020-08-11 00:24:14.560  INFO 21259 --- [    Thread-1002] o.s.b.a.mongo.embedded.EmbeddedMongo     : 2020-08-11T00:24:14.560+0000 I INDEX    [initandlisten] build index done.  scanned 0 total records. 0 secs
2020-08-11 00:24:14.561  INFO 21259 --- [    Thread-1002] o.s.b.a.mongo.embedded.EmbeddedMongo     : 2020-08-11T00:24:14.561+0000 I COMMAND  [initandlisten] setting featureCompatibilityVersion to 3.4
2020-08-11 00:24:14.561  INFO 21259 --- [    Thread-1002] o.s.b.a.mongo.embedded.EmbeddedMongo     : 2020-08-11T00:24:14.561+0000 I NETWORK  [thread1] waiting for connections on port 46491
2020-08-11 00:24:14.561  INFO 21259 --- [    Test worker] d.f.embed.mongo.MongodExecutable         : start de.flapdoodle.embed.mongo.config.MongodConfigBuilder$ImmutableMongodConfig@6c1a9244
2020-08-11 00:24:14.563  INFO 21259 --- [    Test worker] org.mongodb.driver.cluster               : Cluster created with settings {hosts=[localhost:46491], mode=SINGLE, requiredClusterType=UNKNOWN, serverSelectionTimeout='30000 ms'}
2020-08-11 00:24:14.568  INFO 21259 --- [    Thread-1002] o.s.b.a.mongo.embedded.EmbeddedMongo     : 2020-08-11T00:24:14.568+0000 I NETWORK  [thread1] connection accepted from 127.0.0.1:54804 #1 (1 connection now open)
2020-08-11 00:24:14.571  INFO 21259 --- [    Thread-1002] o.s.b.a.mongo.embedded.EmbeddedMongo     : 2020-08-11T00:24:14.571+0000 I NETWORK  [conn1] received client metadata from 127.0.0.1:54804 conn1: { driver: { name: "mongo-java-driver|reactive-streams|spring-boot", version: "4.0.4" }, os: { type: "Linux", name: "Linux", architecture: "amd64", version: "5.3.0-1023-aws" }, platform: "Java/Private Build/1.8.0_265-8u265-b01-0ubuntu2~18.04-b01" }
2020-08-11 00:24:14.581  INFO 21259 --- [localhost:46491] org.mongodb.driver.connection            : Opened connection [connectionId{localValue:6, serverValue:1}] to localhost:46491
2020-08-11 00:24:14.582  INFO 21259 --- [localhost:46491] org.mongodb.driver.cluster               : Monitor thread successfully connected to server with description ServerDescription{address=localhost:46491, type=STANDALONE, state=CONNECTED, ok=true, minWireVersion=0, maxWireVersion=5, maxDocumentSize=16777216, logicalSessionTimeoutMinutes=null, roundTripTimeNanos=922758}
2020-08-11 00:24:14.652  INFO 21259 --- [    Test worker] o.s.c.s.b.w.i.BookStoreIntegrationTests  : Started BookStoreIntegrationTests in 0.398 seconds (JVM running for 8.646)
2020-08-11 00:24:14.686  INFO 21259 --- [    Thread-1002] o.s.b.a.mongo.embedded.EmbeddedMongo     : 2020-08-11T00:24:14.685+0000 I NETWORK  [thread1] connection accepted from 127.0.0.1:54806 #2 (2 connections now open)
2020-08-11 00:24:14.687  INFO 21259 --- [    Thread-1002] o.s.b.a.mongo.embedded.EmbeddedMongo     : 2020-08-11T00:24:14.687+0000 I NETWORK  [conn2] received client metadata from 127.0.0.1:54806 conn2: { driver: { name: "mongo-java-driver|reactive-streams|spring-boot", version: "4.0.4" }, os: { type: "Linux", name: "Linux", architecture: "amd64", version: "5.3.0-1023-aws" }, platform: "Java/Private Build/1.8.0_265-8u265-b01-0ubuntu2~18.04-b01" }
2020-08-11 00:24:14.689  INFO 21259 --- [ntLoopGroup-4-2] org.mongodb.driver.connection            : Opened connection [connectionId{localValue:7, serverValue:2}] to localhost:46491
]]></system-out>
  <system-err><![CDATA[]]></system-err>
</testsuite>
