<?xml version="1.0" encoding="UTF-8"?>
<testsuite name="org.springframework.cloud.sample.bookstore.servicebroker.repository.ServiceBindingRepositoryTests" tests="2" skipped="0" failures="0" errors="0" timestamp="2020-08-11T00:24:15" hostname="ip-10-0-0-239" time="0.04">
  <properties/>
  <testcase name="retrieve()" classname="org.springframework.cloud.sample.bookstore.servicebroker.repository.ServiceBindingRepositoryTests" time="0.034"/>
  <testcase name="save()" classname="org.springframework.cloud.sample.bookstore.servicebroker.repository.ServiceBindingRepositoryTests" time="0.005"/>
  <system-out><![CDATA[2020-08-11 00:24:15.462  INFO 21259 --- [    Test worker] t.a.d.m.DataMongoTestContextBootstrapper : Neither @ContextConfiguration nor @ContextHierarchy found for test class [org.springframework.cloud.sample.bookstore.servicebroker.repository.ServiceBindingRepositoryTests], using SpringBootContextLoader
2020-08-11 00:24:15.462  INFO 21259 --- [    Test worker] o.s.t.c.support.AbstractContextLoader    : Could not detect default resource locations for test class [org.springframework.cloud.sample.bookstore.servicebroker.repository.ServiceBindingRepositoryTests]: no resource found for suffixes {-context.xml, Context.groovy}.
2020-08-11 00:24:15.462  INFO 21259 --- [    Test worker] t.c.s.AnnotationConfigContextLoaderUtils : Could not detect default configuration classes for test class [org.springframework.cloud.sample.bookstore.servicebroker.repository.ServiceBindingRepositoryTests]: ServiceBindingRepositoryTests does not declare any static, non-private, non-final, nested classes annotated with @Configuration.
2020-08-11 00:24:15.467  INFO 21259 --- [    Test worker] .b.t.c.SpringBootTestContextBootstrapper : Found @SpringBootConfiguration org.springframework.cloud.sample.bookstore.ServiceBrokerApplication for test class org.springframework.cloud.sample.bookstore.servicebroker.repository.ServiceBindingRepositoryTests
2020-08-11 00:24:15.468  INFO 21259 --- [    Test worker] t.a.d.m.DataMongoTestContextBootstrapper : Loaded default TestExecutionListener class names from location [META-INF/spring.factories]: [org.springframework.boot.test.autoconfigure.restdocs.RestDocsTestExecutionListener, org.springframework.boot.test.autoconfigure.web.client.MockRestServiceServerResetTestExecutionListener, org.springframework.boot.test.autoconfigure.web.servlet.MockMvcPrintOnlyOnFailureTestExecutionListener, org.springframework.boot.test.autoconfigure.web.servlet.WebDriverTestExecutionListener, org.springframework.boot.test.autoconfigure.webservices.client.MockWebServiceServerTestExecutionListener, org.springframework.boot.test.mock.mockito.MockitoTestExecutionListener, org.springframework.boot.test.mock.mockito.ResetMocksTestExecutionListener, org.springframework.security.test.context.support.WithSecurityContextTestExecutionListener, org.springframework.security.test.context.support.ReactorContextTestExecutionListener, org.springframework.test.context.web.ServletTestExecutionListener, org.springframework.test.context.support.DirtiesContextBeforeModesTestExecutionListener, org.springframework.test.context.support.DependencyInjectionTestExecutionListener, org.springframework.test.context.support.DirtiesContextTestExecutionListener, org.springframework.test.context.transaction.TransactionalTestExecutionListener, org.springframework.test.context.jdbc.SqlScriptsTestExecutionListener, org.springframework.test.context.event.EventPublishingTestExecutionListener]
2020-08-11 00:24:15.468  INFO 21259 --- [    Test worker] t.a.d.m.DataMongoTestContextBootstrapper : Using TestExecutionListeners: [org.springframework.test.context.support.DirtiesContextBeforeModesTestExecutionListener@74059955, org.springframework.boot.test.mock.mockito.MockitoTestExecutionListener@3781e5fd, org.springframework.boot.test.autoconfigure.SpringBootDependencyInjectionTestExecutionListener@2b4a9582, org.springframework.test.context.support.DirtiesContextTestExecutionListener@24588459, org.springframework.test.context.transaction.TransactionalTestExecutionListener@7c4f6eb6, org.springframework.test.context.jdbc.SqlScriptsTestExecutionListener@4459c2cf, org.springframework.security.test.context.support.WithSecurityContextTestExecutionListener@3b40b943, org.springframework.test.context.event.EventPublishingTestExecutionListener@5b5a883e, org.springframework.security.test.context.support.ReactorContextTestExecutionListener@5c67673d, org.springframework.boot.test.autoconfigure.restdocs.RestDocsTestExecutionListener@562299c4, org.springframework.boot.test.autoconfigure.web.client.MockRestServiceServerResetTestExecutionListener@6896b8e2, org.springframework.boot.test.autoconfigure.web.servlet.MockMvcPrintOnlyOnFailureTestExecutionListener@6702d6b6, org.springframework.boot.test.autoconfigure.web.servlet.WebDriverTestExecutionListener@3b1be4, org.springframework.boot.test.autoconfigure.webservices.client.MockWebServiceServerTestExecutionListener@42955e9e, org.springframework.boot.test.mock.mockito.ResetMocksTestExecutionListener@1f19bf86]
]]></system-out>
  <system-err><![CDATA[]]></system-err>
</testsuite>
