<?xml version="1.0" encoding="UTF-8"?>
<testsuite name="org.springframework.cloud.sample.bookstore.ApplicationTests" tests="1" skipped="0" failures="0" errors="0" timestamp="2020-08-11T00:24:15" hostname="ip-10-0-0-239" time="0.004">
  <properties/>
  <testcase name="contextLoads()" classname="org.springframework.cloud.sample.bookstore.ApplicationTests" time="0.004"/>
  <system-out><![CDATA[2020-08-11 00:24:15.550  INFO 21259 --- [    Test worker] .b.t.c.SpringBootTestContextBootstrapper : Neither @ContextConfiguration nor @ContextHierarchy found for test class [org.springframework.cloud.sample.bookstore.ApplicationTests], using SpringBootContextLoader
2020-08-11 00:24:15.551  INFO 21259 --- [    Test worker] o.s.t.c.support.AbstractContextLoader    : Could not detect default resource locations for test class [org.springframework.cloud.sample.bookstore.ApplicationTests]: no resource found for suffixes {-context.xml, Context.groovy}.
2020-08-11 00:24:15.551  INFO 21259 --- [    Test worker] t.c.s.AnnotationConfigContextLoaderUtils : Could not detect default configuration classes for test class [org.springframework.cloud.sample.bookstore.ApplicationTests]: ApplicationTests does not declare any static, non-private, non-final, nested classes annotated with @Configuration.
2020-08-11 00:24:15.553  INFO 21259 --- [    Test worker] .b.t.c.SpringBootTestContextBootstrapper : Found @SpringBootConfiguration org.springframework.cloud.sample.bookstore.ServiceBrokerApplication for test class org.springframework.cloud.sample.bookstore.ApplicationTests
2020-08-11 00:24:15.555  INFO 21259 --- [    Test worker] .b.t.c.SpringBootTestContextBootstrapper : Loaded default TestExecutionListener class names from location [META-INF/spring.factories]: [org.springframework.boot.test.autoconfigure.restdocs.RestDocsTestExecutionListener, org.springframework.boot.test.autoconfigure.web.client.MockRestServiceServerResetTestExecutionListener, org.springframework.boot.test.autoconfigure.web.servlet.MockMvcPrintOnlyOnFailureTestExecutionListener, org.springframework.boot.test.autoconfigure.web.servlet.WebDriverTestExecutionListener, org.springframework.boot.test.autoconfigure.webservices.client.MockWebServiceServerTestExecutionListener, org.springframework.boot.test.mock.mockito.MockitoTestExecutionListener, org.springframework.boot.test.mock.mockito.ResetMocksTestExecutionListener, org.springframework.security.test.context.support.WithSecurityContextTestExecutionListener, org.springframework.security.test.context.support.ReactorContextTestExecutionListener, org.springframework.test.context.web.ServletTestExecutionListener, org.springframework.test.context.support.DirtiesContextBeforeModesTestExecutionListener, org.springframework.test.context.support.DependencyInjectionTestExecutionListener, org.springframework.test.context.support.DirtiesContextTestExecutionListener, org.springframework.test.context.transaction.TransactionalTestExecutionListener, org.springframework.test.context.jdbc.SqlScriptsTestExecutionListener, org.springframework.test.context.event.EventPublishingTestExecutionListener]
2020-08-11 00:24:15.555  INFO 21259 --- [    Test worker] .b.t.c.SpringBootTestContextBootstrapper : Using TestExecutionListeners: [org.springframework.test.context.support.DirtiesContextBeforeModesTestExecutionListener@1cbf4e7a, org.springframework.boot.test.mock.mockito.MockitoTestExecutionListener@227c0a6b, org.springframework.boot.test.autoconfigure.SpringBootDependencyInjectionTestExecutionListener@4310fffd, org.springframework.test.context.support.DirtiesContextTestExecutionListener@3ac4cbb5, org.springframework.test.context.transaction.TransactionalTestExecutionListener@5c6e8e09, org.springframework.test.context.jdbc.SqlScriptsTestExecutionListener@1e03e8bd, org.springframework.security.test.context.support.WithSecurityContextTestExecutionListener@5aa80397, org.springframework.test.context.event.EventPublishingTestExecutionListener@46ade214, org.springframework.security.test.context.support.ReactorContextTestExecutionListener@6e1b320e, org.springframework.boot.test.autoconfigure.restdocs.RestDocsTestExecutionListener@6fdc6970, org.springframework.boot.test.autoconfigure.web.client.MockRestServiceServerResetTestExecutionListener@75f26ba7, org.springframework.boot.test.autoconfigure.web.servlet.MockMvcPrintOnlyOnFailureTestExecutionListener@5c668a4f, org.springframework.boot.test.autoconfigure.web.servlet.WebDriverTestExecutionListener@6bda588f, org.springframework.boot.test.autoconfigure.webservices.client.MockWebServiceServerTestExecutionListener@67c13b6d, org.springframework.boot.test.mock.mockito.ResetMocksTestExecutionListener@108cb61]
]]></system-out>
  <system-err><![CDATA[]]></system-err>
</testsuite>
