<?xml version="1.0" encoding="UTF-8"?>
<testsuite name="org.springframework.cloud.sample.bookstore.web.integration.BookStoreSecurityIntegrationTests" tests="7" skipped="0" failures="0" errors="0" timestamp="2020-08-11T00:24:13" hostname="ip-10-0-0-239" time="0.717">
  <properties/>
  <testcase name="fullAccessWithoutInstanceIdIsAllowed()" classname="org.springframework.cloud.sample.bookstore.web.integration.BookStoreSecurityIntegrationTests" time="0.531"/>
  <testcase name="readOnlyWithoutInstanceIdIsPartiallyAllowed()" classname="org.springframework.cloud.sample.bookstore.web.integration.BookStoreSecurityIntegrationTests" time="0.037"/>
  <testcase name="fullAccessWithOtherInstanceIdIsForbidden()" classname="org.springframework.cloud.sample.bookstore.web.integration.BookStoreSecurityIntegrationTests" time="0.027"/>
  <testcase name="readOnlyWithInstanceIdIsPartiallyAllowed()" classname="org.springframework.cloud.sample.bookstore.web.integration.BookStoreSecurityIntegrationTests" time="0.034"/>
  <testcase name="fullAccessWithInstanceIdIsAllowed()" classname="org.springframework.cloud.sample.bookstore.web.integration.BookStoreSecurityIntegrationTests" time="0.042"/>
  <testcase name="readOnlyWithOtherInstanceIdIsForbidden()" classname="org.springframework.cloud.sample.bookstore.web.integration.BookStoreSecurityIntegrationTests" time="0.022"/>
  <testcase name="anonymousAccessIsUnauthorized()" classname="org.springframework.cloud.sample.bookstore.web.integration.BookStoreSecurityIntegrationTests" time="0.018"/>
  <system-out><![CDATA[2020-08-11 00:24:11.854  INFO 21259 --- [    Test worker] .b.t.c.SpringBootTestContextBootstrapper : Neither @ContextConfiguration nor @ContextHierarchy found for test class [org.springframework.cloud.sample.bookstore.web.integration.BookStoreSecurityIntegrationTests], using SpringBootContextLoader
2020-08-11 00:24:11.855  INFO 21259 --- [    Test worker] o.s.t.c.support.AbstractContextLoader    : Could not detect default resource locations for test class [org.springframework.cloud.sample.bookstore.web.integration.BookStoreSecurityIntegrationTests]: no resource found for suffixes {-context.xml, Context.groovy}.
2020-08-11 00:24:11.855  INFO 21259 --- [    Test worker] t.c.s.AnnotationConfigContextLoaderUtils : Could not detect default configuration classes for test class [org.springframework.cloud.sample.bookstore.web.integration.BookStoreSecurityIntegrationTests]: BookStoreSecurityIntegrationTests does not declare any static, non-private, non-final, nested classes annotated with @Configuration.
2020-08-11 00:24:11.863  INFO 21259 --- [    Test worker] .b.t.c.SpringBootTestContextBootstrapper : Found @SpringBootConfiguration org.springframework.cloud.sample.bookstore.ServiceBrokerApplication for test class org.springframework.cloud.sample.bookstore.web.integration.BookStoreSecurityIntegrationTests
2020-08-11 00:24:11.865  INFO 21259 --- [    Test worker] .b.t.c.SpringBootTestContextBootstrapper : Loaded default TestExecutionListener class names from location [META-INF/spring.factories]: [org.springframework.boot.test.autoconfigure.restdocs.RestDocsTestExecutionListener, org.springframework.boot.test.autoconfigure.web.client.MockRestServiceServerResetTestExecutionListener, org.springframework.boot.test.autoconfigure.web.servlet.MockMvcPrintOnlyOnFailureTestExecutionListener, org.springframework.boot.test.autoconfigure.web.servlet.WebDriverTestExecutionListener, org.springframework.boot.test.autoconfigure.webservices.client.MockWebServiceServerTestExecutionListener, org.springframework.boot.test.mock.mockito.MockitoTestExecutionListener, org.springframework.boot.test.mock.mockito.ResetMocksTestExecutionListener, org.springframework.security.test.context.support.WithSecurityContextTestExecutionListener, org.springframework.security.test.context.support.ReactorContextTestExecutionListener, org.springframework.test.context.web.ServletTestExecutionListener, org.springframework.test.context.support.DirtiesContextBeforeModesTestExecutionListener, org.springframework.test.context.support.DependencyInjectionTestExecutionListener, org.springframework.test.context.support.DirtiesContextTestExecutionListener, org.springframework.test.context.transaction.TransactionalTestExecutionListener, org.springframework.test.context.jdbc.SqlScriptsTestExecutionListener, org.springframework.test.context.event.EventPublishingTestExecutionListener]
2020-08-11 00:24:11.866  INFO 21259 --- [    Test worker] .b.t.c.SpringBootTestContextBootstrapper : Using TestExecutionListeners: [org.springframework.test.context.support.DirtiesContextBeforeModesTestExecutionListener@1fbb64b4, org.springframework.boot.test.mock.mockito.MockitoTestExecutionListener@46915fdd, org.springframework.boot.test.autoconfigure.SpringBootDependencyInjectionTestExecutionListener@138729f3, org.springframework.test.context.support.DirtiesContextTestExecutionListener@3287cd42, org.springframework.test.context.transaction.TransactionalTestExecutionListener@76dd8162, org.springframework.test.context.jdbc.SqlScriptsTestExecutionListener@3afe57d3, org.springframework.security.test.context.support.WithSecurityContextTestExecutionListener@101c29ce, org.springframework.test.context.event.EventPublishingTestExecutionListener@1c7d1b52, org.springframework.security.test.context.support.ReactorContextTestExecutionListener@6314f2e, org.springframework.boot.test.autoconfigure.restdocs.RestDocsTestExecutionListener@4eb9c0f4, org.springframework.boot.test.autoconfigure.web.client.MockRestServiceServerResetTestExecutionListener@3f1ad2b4, org.springframework.boot.test.autoconfigure.web.servlet.MockMvcPrintOnlyOnFailureTestExecutionListener@4bc9f98e, org.springframework.boot.test.autoconfigure.web.servlet.WebDriverTestExecutionListener@470d87e6, org.springframework.boot.test.autoconfigure.webservices.client.MockWebServiceServerTestExecutionListener@47b34193, org.springframework.boot.test.mock.mockito.ResetMocksTestExecutionListener@2ed5a4a3]

  .   ____          _            __ _ _
 /\\ / ___'_ __ _ _(_)_ __  __ _ \ \ \ \
( ( )\___ | '_ | '_| | '_ \/ _` | \ \ \ \
 \\/  ___)| |_)| | | | | || (_| |  ) ) ) )
  '  |____| .__|_| |_|_| |_\__, | / / / /
 =========|_|==============|___/=/_/_/_/
 :: Spring Boot ::        (v2.3.1.RELEASE)

2020-08-11 00:24:11.893  INFO 21259 --- [    Test worker] .b.w.i.BookStoreSecurityIntegrationTests : Starting BookStoreSecurityIntegrationTests on ip-10-0-0-239 with PID 21259 (started by ubuntu in /home/ubuntu/sample/bookstore-service-broker)
2020-08-11 00:24:11.894  INFO 21259 --- [    Test worker] .b.w.i.BookStoreSecurityIntegrationTests : The following profiles are active: cloud
2020-08-11 00:24:12.254  INFO 21259 --- [    Test worker] .s.d.r.c.RepositoryConfigurationDelegate : Bootstrapping Spring Data Reactive MongoDB repositories in DEFAULT mode.
2020-08-11 00:24:12.261  INFO 21259 --- [    Test worker] .s.d.r.c.RepositoryConfigurationDelegate : Finished Spring Data repository scanning in 6ms. Found 4 Reactive MongoDB repository interfaces.
2020-08-11 00:24:12.511  INFO 21259 --- [    Test worker] trationDelegate$BeanPostProcessorChecker : Bean 'org.springframework.security.config.annotation.method.configuration.ReactiveMethodSecurityConfiguration' of type [org.springframework.security.config.annotation.method.configuration.ReactiveMethodSecurityConfiguration] is not eligible for getting processed by all BeanPostProcessors (for example: not eligible for auto-proxying)
2020-08-11 00:24:12.653  INFO 21259 --- [     Thread-926] o.s.b.a.mongo.embedded.EmbeddedMongo     : note: noprealloc may hurt performance in many applications
2020-08-11 00:24:12.657  INFO 21259 --- [     Thread-926] o.s.b.a.mongo.embedded.EmbeddedMongo     : 2020-08-11T00:24:12.657+0000 I CONTROL  [initandlisten] MongoDB starting : pid=22235 port=38299 dbpath=/tmp/embedmongo-db-24934153-c2ad-41d7-b972-e3e62af09978 64-bit host=ip-10-0-0-239
2020-08-11 00:24:12.657  INFO 21259 --- [     Thread-926] o.s.b.a.mongo.embedded.EmbeddedMongo     : 2020-08-11T00:24:12.657+0000 I CONTROL  [initandlisten] db version v3.5.5
2020-08-11 00:24:12.658  INFO 21259 --- [     Thread-926] o.s.b.a.mongo.embedded.EmbeddedMongo     : 2020-08-11T00:24:12.657+0000 I CONTROL  [initandlisten] git version: 98515c812b6fa893613f063dae568ff8319cbfbd
2020-08-11 00:24:12.658  INFO 21259 --- [     Thread-926] o.s.b.a.mongo.embedded.EmbeddedMongo     : 2020-08-11T00:24:12.657+0000 I CONTROL  [initandlisten] allocator: tcmalloc
2020-08-11 00:24:12.658  INFO 21259 --- [     Thread-926] o.s.b.a.mongo.embedded.EmbeddedMongo     : 2020-08-11T00:24:12.657+0000 I CONTROL  [initandlisten] modules: none
2020-08-11 00:24:12.658  INFO 21259 --- [     Thread-926] o.s.b.a.mongo.embedded.EmbeddedMongo     : 2020-08-11T00:24:12.657+0000 I CONTROL  [initandlisten] build environment:
2020-08-11 00:24:12.658  INFO 21259 --- [     Thread-926] o.s.b.a.mongo.embedded.EmbeddedMongo     : 2020-08-11T00:24:12.657+0000 I CONTROL  [initandlisten]     distarch: x86_64
2020-08-11 00:24:12.658  INFO 21259 --- [     Thread-926] o.s.b.a.mongo.embedded.EmbeddedMongo     : 2020-08-11T00:24:12.657+0000 I CONTROL  [initandlisten]     target_arch: x86_64
2020-08-11 00:24:12.658  INFO 21259 --- [     Thread-926] o.s.b.a.mongo.embedded.EmbeddedMongo     : 2020-08-11T00:24:12.657+0000 I CONTROL  [initandlisten] options: { net: { bindIp: "127.0.0.1", http: { enabled: false }, port: 38299 }, security: { authorization: "disabled" }, storage: { dbPath: "/tmp/embedmongo-db-24934153-c2ad-41d7-b972-e3e62af09978", journal: { enabled: false }, mmapv1: { preallocDataFiles: false, smallFiles: true }, syncPeriodSecs: 0.0 } }
2020-08-11 00:24:12.661  INFO 21259 --- [     Thread-926] o.s.b.a.mongo.embedded.EmbeddedMongo     : 2020-08-11T00:24:12.661+0000 I STORAGE  [initandlisten] 
2020-08-11 00:24:12.661  INFO 21259 --- [     Thread-926] o.s.b.a.mongo.embedded.EmbeddedMongo     : 2020-08-11T00:24:12.661+0000 I STORAGE  [initandlisten] ** WARNING: Using the XFS filesystem is strongly recommended with the WiredTiger storage engine
2020-08-11 00:24:12.661  INFO 21259 --- [     Thread-926] o.s.b.a.mongo.embedded.EmbeddedMongo     : 2020-08-11T00:24:12.661+0000 I STORAGE  [initandlisten] **          See http://dochub.mongodb.org/core/prodnotes-filesystem
2020-08-11 00:24:12.661  INFO 21259 --- [     Thread-926] o.s.b.a.mongo.embedded.EmbeddedMongo     : 2020-08-11T00:24:12.661+0000 I STORAGE  [initandlisten] wiredtiger_open config: create,cache_size=7493M,session_max=20000,eviction=(threads_min=4,threads_max=4),config_base=false,statistics=(fast),log=(enabled=true,archive=true,path=journal,compressor=snappy),file_manager=(close_idle_time=100000),checkpoint=(wait=0,log_size=2GB),statistics_log=(wait=0),verbose=(recovery_progress),,log=(enabled=false),
2020-08-11 00:24:12.714  INFO 21259 --- [     Thread-926] o.s.b.a.mongo.embedded.EmbeddedMongo     : 2020-08-11T00:24:12.714+0000 W STORAGE  [initandlisten] Detected configuration for non-active storage engine mmapv1 when current storage engine is wiredTiger
2020-08-11 00:24:12.714  INFO 21259 --- [     Thread-926] o.s.b.a.mongo.embedded.EmbeddedMongo     : 2020-08-11T00:24:12.714+0000 I CONTROL  [initandlisten] 
2020-08-11 00:24:12.714  INFO 21259 --- [     Thread-926] o.s.b.a.mongo.embedded.EmbeddedMongo     : 2020-08-11T00:24:12.714+0000 I CONTROL  [initandlisten] ** NOTE: This is a development version (3.5.5) of MongoDB.
2020-08-11 00:24:12.715  INFO 21259 --- [     Thread-926] o.s.b.a.mongo.embedded.EmbeddedMongo     : 2020-08-11T00:24:12.714+0000 I CONTROL  [initandlisten] **       Not recommended for production.
2020-08-11 00:24:12.715  INFO 21259 --- [     Thread-926] o.s.b.a.mongo.embedded.EmbeddedMongo     : 2020-08-11T00:24:12.714+0000 I CONTROL  [initandlisten] 
2020-08-11 00:24:12.715  INFO 21259 --- [     Thread-926] o.s.b.a.mongo.embedded.EmbeddedMongo     : 2020-08-11T00:24:12.714+0000 I CONTROL  [initandlisten] 
2020-08-11 00:24:12.715  INFO 21259 --- [     Thread-926] o.s.b.a.mongo.embedded.EmbeddedMongo     : 2020-08-11T00:24:12.714+0000 I CONTROL  [initandlisten] ** WARNING: soft rlimits too low. rlimits set to 63871 processes, 1048576 files. Number of processes should be at least 524288 : 0.5 times number of files.
2020-08-11 00:24:12.731  INFO 21259 --- [     Thread-926] o.s.b.a.mongo.embedded.EmbeddedMongo     : 2020-08-11T00:24:12.731+0000 I FTDC     [initandlisten] Initializing full-time diagnostic data capture with directory '/tmp/embedmongo-db-24934153-c2ad-41d7-b972-e3e62af09978/diagnostic.data'
2020-08-11 00:24:12.756  INFO 21259 --- [     Thread-926] o.s.b.a.mongo.embedded.EmbeddedMongo     : 2020-08-11T00:24:12.756+0000 I INDEX    [initandlisten] build index on: admin.system.version properties: { v: 2, key: { version: 1 }, name: "incompatible_with_version_32", ns: "admin.system.version" }
2020-08-11 00:24:12.757  INFO 21259 --- [     Thread-926] o.s.b.a.mongo.embedded.EmbeddedMongo     : 2020-08-11T00:24:12.756+0000 I INDEX    [initandlisten] 	 building index using bulk method; build may temporarily use up to 500 megabytes of RAM
2020-08-11 00:24:12.757  INFO 21259 --- [     Thread-926] o.s.b.a.mongo.embedded.EmbeddedMongo     : 2020-08-11T00:24:12.757+0000 I INDEX    [initandlisten] build index done.  scanned 0 total records. 0 secs
2020-08-11 00:24:12.757  INFO 21259 --- [     Thread-926] o.s.b.a.mongo.embedded.EmbeddedMongo     : 2020-08-11T00:24:12.757+0000 I COMMAND  [initandlisten] setting featureCompatibilityVersion to 3.4
2020-08-11 00:24:12.758  INFO 21259 --- [     Thread-926] o.s.b.a.mongo.embedded.EmbeddedMongo     : 2020-08-11T00:24:12.758+0000 I NETWORK  [thread1] waiting for connections on port 38299
2020-08-11 00:24:12.758  INFO 21259 --- [    Test worker] d.f.embed.mongo.MongodExecutable         : start de.flapdoodle.embed.mongo.config.MongodConfigBuilder$ImmutableMongodConfig@47dc7e00
2020-08-11 00:24:12.766  INFO 21259 --- [    Test worker] org.mongodb.driver.cluster               : Cluster created with settings {hosts=[localhost:38299], mode=SINGLE, requiredClusterType=UNKNOWN, serverSelectionTimeout='30000 ms'}
2020-08-11 00:24:12.782  INFO 21259 --- [     Thread-926] o.s.b.a.mongo.embedded.EmbeddedMongo     : 2020-08-11T00:24:12.782+0000 I NETWORK  [thread1] connection accepted from 127.0.0.1:43386 #1 (1 connection now open)
2020-08-11 00:24:12.787  INFO 21259 --- [     Thread-926] o.s.b.a.mongo.embedded.EmbeddedMongo     : 2020-08-11T00:24:12.787+0000 I NETWORK  [conn1] received client metadata from 127.0.0.1:43386 conn1: { driver: { name: "mongo-java-driver|reactive-streams|spring-boot", version: "4.0.4" }, os: { type: "Linux", name: "Linux", architecture: "amd64", version: "5.3.0-1023-aws" }, platform: "Java/Private Build/1.8.0_265-8u265-b01-0ubuntu2~18.04-b01" }
2020-08-11 00:24:12.800  INFO 21259 --- [localhost:38299] org.mongodb.driver.connection            : Opened connection [connectionId{localValue:3, serverValue:1}] to localhost:38299
2020-08-11 00:24:12.802  INFO 21259 --- [localhost:38299] org.mongodb.driver.cluster               : Monitor thread successfully connected to server with description ServerDescription{address=localhost:38299, type=STANDALONE, state=CONNECTED, ok=true, minWireVersion=0, maxWireVersion=5, maxDocumentSize=16777216, logicalSessionTimeoutMinutes=null, roundTripTimeNanos=1384352}
2020-08-11 00:24:13.277  INFO 21259 --- [    Test worker] o.s.b.a.e.web.EndpointLinksResolver      : Exposing 13 endpoint(s) beneath base path '/actuator'
2020-08-11 00:24:13.520  INFO 21259 --- [    Test worker] .b.w.i.BookStoreSecurityIntegrationTests : Started BookStoreSecurityIntegrationTests in 1.652 seconds (JVM running for 7.514)
2020-08-11 00:24:13.524  INFO 21259 --- [     Thread-926] o.s.b.a.mongo.embedded.EmbeddedMongo     : 2020-08-11T00:24:13.524+0000 I NETWORK  [thread1] connection accepted from 127.0.0.1:43388 #2 (2 connections now open)
2020-08-11 00:24:13.528  INFO 21259 --- [     Thread-926] o.s.b.a.mongo.embedded.EmbeddedMongo     : 2020-08-11T00:24:13.528+0000 I NETWORK  [conn2] received client metadata from 127.0.0.1:43388 conn2: { driver: { name: "mongo-java-driver|reactive-streams|spring-boot", version: "4.0.4" }, os: { type: "Linux", name: "Linux", architecture: "amd64", version: "5.3.0-1023-aws" }, platform: "Java/Private Build/1.8.0_265-8u265-b01-0ubuntu2~18.04-b01" }
2020-08-11 00:24:13.531  INFO 21259 --- [ntLoopGroup-3-2] org.mongodb.driver.connection            : Opened connection [connectionId{localValue:4, serverValue:2}] to localhost:38299
2020-08-11 00:24:13.644  INFO 21259 --- [     Thread-926] o.s.b.a.mongo.embedded.EmbeddedMongo     : 2020-08-11T00:24:13.643+0000 I NETWORK  [thread1] connection accepted from 127.0.0.1:43390 #3 (3 connections now open)
2020-08-11 00:24:13.647  INFO 21259 --- [     Thread-926] o.s.b.a.mongo.embedded.EmbeddedMongo     : 2020-08-11T00:24:13.647+0000 I NETWORK  [conn3] received client metadata from 127.0.0.1:43390 conn3: { driver: { name: "mongo-java-driver|reactive-streams|spring-boot", version: "4.0.4" }, os: { type: "Linux", name: "Linux", architecture: "amd64", version: "5.3.0-1023-aws" }, platform: "Java/Private Build/1.8.0_265-8u265-b01-0ubuntu2~18.04-b01" }
2020-08-11 00:24:13.649  INFO 21259 --- [ntLoopGroup-3-3] org.mongodb.driver.connection            : Opened connection [connectionId{localValue:5, serverValue:3}] to localhost:38299
2020-08-11 00:24:13.826  INFO 21259 --- [ntLoopGroup-3-2] o.s.aop.framework.CglibAopProxy          : Unable to proxy interface-implementing method [public final void reactor.core.publisher.Mono.subscribe(org.reactivestreams.Subscriber)] because it is marked as final: Consider using interface-based JDK proxies instead!
]]></system-out>
  <system-err><![CDATA[]]></system-err>
</testsuite>
